<?xml version="1.0" encoding="utf-8"?><testsuites name="pytest tests"><testsuite name="pytest" errors="0" failures="0" skipped="0" tests="27" time="7.274" timestamp="2026-06-30T11:59:43.912655+00:00" hostname="agent-env-9383d6de-64f0-4152-a10b-532233dca823"><testcase classname="backend.tests.test_labourlink_api.TestHealth" name="test_root" time="0.209" /><testcase classname="backend.tests.test_labourlink_api.TestHealth" name="test_seed" time="0.048" /><testcase classname="backend.tests.test_labourlink_api.TestAuth" name="test_register_new_user" time="0.268" /><testcase classname="backend.tests.test_labourlink_api.TestAuth" name="test_register_duplicate" time="0.044" /><testcase classname="backend.tests.test_labourlink_api.TestAuth" name="test_login_demo" time="0.265" /><testcase classname="backend.tests.test_labourlink_api.TestAuth" name="test_login_bad_password" time="0.266" /><testcase classname="backend.tests.test_labourlink_api.TestAuth" name="test_me" time="0.043" /><testcase classname="backend.tests.test_labourlink_api.TestAuth" name="test_me_no_token" time="0.044" /><testcase classname="backend.tests.test_labourlink_api.TestCategories" name="test_list_categories" time="0.048" /><testcase classname="backend.tests.test_labourlink_api.TestWorkers" name="test_list_workers" time="0.050" /><testcase classname="backend.tests.test_labourlink_api.TestWorkers" name="test_filter_by_category" time="0.045" /><testcase classname="backend.tests.test_labourlink_api.TestWorkers" name="test_sort_price_asc" time="0.043" /><testcase classname="backend.tests.test_labourlink_api.TestWorkers" name="test_search" time="0.045" /><testcase classname="backend.tests.test_labourlink_api.TestWorkers" name="test_popular" time="0.043" /><testcase classname="backend.tests.test_labourlink_api.TestWorkers" name="test_recommendations" time="4.012" /><testcase classname="backend.tests.test_labourlink_api.TestWorkers" name="test_worker_detail" time="0.088" /><testcase classname="backend.tests.test_labourlink_api.TestWorkers" name="test_worker_not_found" time="0.046" /><testcase classname="backend.tests.test_labourlink_api.TestWorkerFlows" name="test_onboard" time="0.327" /><testcase classname="backend.tests.test_labourlink_api.TestWorkerFlows" name="test_status_update" time="0.095" /><testcase classname="backend.tests.test_labourlink_api.TestWorkerFlows" name="test_earnings" time="0.045" /><testcase classname="backend.tests.test_labourlink_api.TestWorkerFlows" name="test_withdraw_create_and_list" time="0.098" /><testcase classname="backend.tests.test_labourlink_api.TestBookingReview" name="test_booking_created" time="0.095" /><testcase classname="backend.tests.test_labourlink_api.TestBookingReview" name="test_list_my_bookings" time="0.044" /><testcase classname="backend.tests.test_labourlink_api.TestBookingReview" name="test_complete_booking_and_review" time="0.151" /><testcase classname="backend.tests.test_labourlink_api.TestBookingReview" name="test_review_requires_completion" time="0.084" /><testcase classname="backend.tests.test_labourlink_api.TestFavorites" name="test_favorites_flow" time="0.221" /><testcase classname="backend.tests.test_labourlink_api.TestMessaging" name="test_send_and_fetch" time="0.404" /></testsuite></testsuites>