<?xml version="1.0" encoding="utf-8"?><testsuites name="pytest tests"><testsuite name="pytest" errors="0" failures="0" skipped="0" tests="4" time="5.037" timestamp="2026-06-30T12:56:45.580717+00:00" hostname="agent-env-9383d6de-64f0-4152-a10b-532233dca823"><testcase classname="backend.tests.test_security_fixes.TestSEC003WorkerPII" name="test_list_workers_no_pii" time="0.346" /><testcase classname="backend.tests.test_security_fixes.TestSEC003WorkerPII" name="test_popular_workers_no_pii" time="0.047" /><testcase classname="backend.tests.test_security_fixes.TestSEC003WorkerPII" name="test_worker_detail_no_pii" time="0.092" /><testcase classname="backend.tests.test_security_fixes.TestSEC003WorkerPII" name="test_recommendations_no_pii" time="4.489" /></testsuite></testsuites>