<?xml version="1.0" encoding="utf-8"?><testsuites name="pytest tests"><testsuite name="pytest" errors="0" failures="0" skipped="0" tests="20" time="4.237" timestamp="2026-06-30T12:56:56.142685+00:00" hostname="agent-env-9383d6de-64f0-4152-a10b-532233dca823"><testcase classname="backend.tests.test_security_fixes.TestSEC002JWT" name="test_jwt_secret_strength" time="0.001" /><testcase classname="backend.tests.test_security_fixes.TestSEC002JWT" name="test_jwt_expiry_7_days" time="0.439" /><testcase classname="backend.tests.test_security_fixes.TestSEC003WorkerPII" name="test_list_workers_no_pii" time="0.047" /><testcase classname="backend.tests.test_security_fixes.TestSEC003WorkerPII" name="test_popular_workers_no_pii" time="0.045" /><testcase classname="backend.tests.test_security_fixes.TestSEC003WorkerPII" name="test_worker_detail_no_pii" time="0.128" /><testcase classname="backend.tests.test_security_fixes.TestSEC003WorkerPII" name="test_recommendations_no_pii" time="2.035" /><testcase classname="backend.tests.test_security_fixes.TestSEC005SearchRegex" name="test_regex_special_chars_escaped" time="0.088" /><testcase classname="backend.tests.test_security_fixes.TestSEC004SelfOnboardUnverified" name="test_fresh_worker_not_verified" time="0.321" /><testcase classname="backend.tests.test_security_fixes.TestSEC001BookingStateMachine" name="test_01_worker_accepts" time="0.125" /><testcase classname="backend.tests.test_security_fixes.TestSEC001BookingStateMachine" name="test_02_worker_starts" time="0.042" /><testcase classname="backend.tests.test_security_fixes.TestSEC001BookingStateMachine" name="test_03_worker_cannot_self_complete" time="0.089" /><testcase classname="backend.tests.test_security_fixes.TestSEC001BookingStateMachine" name="test_04_jobs_completed_not_incremented_yet" time="0.043" /><testcase classname="backend.tests.test_security_fixes.TestSEC001BookingStateMachine" name="test_05_customer_confirms_completed" time="0.043" /><testcase classname="backend.tests.test_security_fixes.TestSEC001BookingStateMachine" name="test_06_jobs_completed_incremented" time="0.083" /><testcase classname="backend.tests.test_security_fixes.TestSEC001BookingStateMachine" name="test_07_review_succeeds_once" time="0.048" /><testcase classname="backend.tests.test_security_fixes.TestSEC001BookingStateMachine" name="test_08_duplicate_review_blocked" time="0.045" /><testcase classname="backend.tests.test_security_fixes.TestSEC001Withdrawal" name="test_withdraw_above_balance_rejected" time="0.094" /><testcase classname="backend.tests.test_security_fixes.TestSEC001Withdrawal" name="test_withdraw_valid_amount" time="0.091" /><testcase classname="backend.tests.test_security_fixes.TestExistingFlows" name="test_favorites_add_list_remove" time="0.222" /><testcase classname="backend.tests.test_security_fixes.TestExistingFlows" name="test_chat_send_and_receive" time="0.140" /></testsuite></testsuites>