<?xml version="1.0" encoding="utf-8"?><testsuites name="pytest tests"><testsuite name="pytest" errors="0" failures="1" skipped="0" tests="20" time="5.421" timestamp="2026-06-30T12:54:16.950376+00:00" hostname="agent-env-9383d6de-64f0-4152-a10b-532233dca823"><testcase classname="backend.tests.test_security_fixes.TestSEC002JWT" name="test_jwt_secret_strength" time="0.000" /><testcase classname="backend.tests.test_security_fixes.TestSEC002JWT" name="test_jwt_expiry_7_days" time="0.570" /><testcase classname="backend.tests.test_security_fixes.TestSEC003WorkerPII" name="test_list_workers_no_pii" time="0.045" /><testcase classname="backend.tests.test_security_fixes.TestSEC003WorkerPII" name="test_popular_workers_no_pii" time="0.045" /><testcase classname="backend.tests.test_security_fixes.TestSEC003WorkerPII" name="test_worker_detail_no_pii" time="0.087" /><testcase classname="backend.tests.test_security_fixes.TestSEC003WorkerPII" name="test_recommendations_no_pii" time="3.155"><failure message="AssertionError: phone leaked in payload: keys=['id', 'user_id', 'name', 'phone', 'category', 'skills', 'experience_years', 'daily_wage', 'hourly_wage', 'languages', 'city', 'bio', 'profile_pic', 'cover_pic', 'available', 'rating', 'jobs_completed', 'review_count', 'verified', 'status', 'last_active', 'distance_km', 'created_at']&#10;assert 'phone' not in {'id': '471b0cc4-b3ed-4592-8aa7-3cb90387d25e', 'user_id': None, 'name': 'Naveen I.', 'phone': '+919871070189', ...}">backend/tests/test_security_fixes.py:138: in test_recommendations_no_pii
    self._assert_no_pii(w)
backend/tests/test_security_fixes.py:110: in _assert_no_pii
    assert "phone" not in obj, f"phone leaked in payload: keys={list(obj.keys())}"
E   AssertionError: phone leaked in payload: keys=['id', 'user_id', 'name', 'phone', 'category', 'skills', 'experience_years', 'daily_wage', 'hourly_wage', 'languages', 'city', 'bio', 'profile_pic', 'cover_pic', 'available', 'rating', 'jobs_completed', 'review_count', 'verified', 'status', 'last_active', 'distance_km', 'created_at']
E   assert 'phone' not in {'id': '471b0cc4-b3ed-4592-8aa7-3cb90387d25e', 'user_id': None, 'name': 'Naveen I.', 'phone': '+919871070189', ...}</failure></testcase><testcase classname="backend.tests.test_security_fixes.TestSEC005SearchRegex" name="test_regex_special_chars_escaped" time="0.094" /><testcase classname="backend.tests.test_security_fixes.TestSEC004SelfOnboardUnverified" name="test_fresh_worker_not_verified" time="0.314" /><testcase classname="backend.tests.test_security_fixes.TestSEC001BookingStateMachine" name="test_01_worker_accepts" time="0.089" /><testcase classname="backend.tests.test_security_fixes.TestSEC001BookingStateMachine" name="test_02_worker_starts" time="0.044" /><testcase classname="backend.tests.test_security_fixes.TestSEC001BookingStateMachine" name="test_03_worker_cannot_self_complete" time="0.090" /><testcase classname="backend.tests.test_security_fixes.TestSEC001BookingStateMachine" name="test_04_jobs_completed_not_incremented_yet" time="0.081" /><testcase classname="backend.tests.test_security_fixes.TestSEC001BookingStateMachine" name="test_05_customer_confirms_completed" time="0.043" /><testcase classname="backend.tests.test_security_fixes.TestSEC001BookingStateMachine" name="test_06_jobs_completed_incremented" time="0.045" /><testcase classname="backend.tests.test_security_fixes.TestSEC001BookingStateMachine" name="test_07_review_succeeds_once" time="0.048" /><testcase classname="backend.tests.test_security_fixes.TestSEC001BookingStateMachine" name="test_08_duplicate_review_blocked" time="0.045" /><testcase classname="backend.tests.test_security_fixes.TestSEC001Withdrawal" name="test_withdraw_above_balance_rejected" time="0.093" /><testcase classname="backend.tests.test_security_fixes.TestSEC001Withdrawal" name="test_withdraw_valid_amount" time="0.094" /><testcase classname="backend.tests.test_security_fixes.TestExistingFlows" name="test_favorites_add_list_remove" time="0.180" /><testcase classname="backend.tests.test_security_fixes.TestExistingFlows" name="test_chat_send_and_receive" time="0.139" /></testsuite></testsuites>